{"/Users/ehthikash/Desktop/typescipt/customUtil/src/extraction/pluck.ts": {"path":"/Users/ehthikash/Desktop/typescipt/customUtil/src/extraction/pluck.ts","statementMap":{"0":{"start":{"line":19,"column":0},"end":{"line":19,"column":16}},"1":{"start":{"line":4,"column":15},"end":{"line":4,"column":30}},"2":{"start":{"line":5,"column":15},"end":{"line":5,"column":18}},"3":{"start":{"line":7,"column":2},"end":{"line":10,"column":3}},"4":{"start":{"line":7,"column":15},"end":{"line":7,"column":16}},"5":{"start":{"line":8,"column":4},"end":{"line":8,"column":41}},"6":{"start":{"line":8,"column":24},"end":{"line":8,"column":41}},"7":{"start":{"line":9,"column":4},"end":{"line":9,"column":29}},"8":{"start":{"line":12,"column":2},"end":{"line":12,"column":16}},"9":{"start":{"line":23,"column":2},"end":{"line":23,"column":65}},"10":{"start":{"line":23,"column":27},"end":{"line":23,"column":65}},"11":{"start":{"line":25,"column":24},"end":{"line":25,"column":45}},"12":{"start":{"line":27,"column":2},"end":{"line":40,"column":3}},"13":{"start":{"line":27,"column":15},"end":{"line":27,"column":16}},"14":{"start":{"line":28,"column":17},"end":{"line":28,"column":23}},"15":{"start":{"line":30,"column":4},"end":{"line":39,"column":5}},"16":{"start":{"line":31,"column":6},"end":{"line":31,"column":45}},"17":{"start":{"line":33,"column":23},"end":{"line":33,"column":25}},"18":{"start":{"line":34,"column":6},"end":{"line":37,"column":7}},"19":{"start":{"line":34,"column":19},"end":{"line":34,"column":20}},"20":{"start":{"line":35,"column":20},"end":{"line":35,"column":38}},"21":{"start":{"line":36,"column":8},"end":{"line":36,"column":34}},"22":{"start":{"line":38,"column":6},"end":{"line":38,"column":22}},"23":{"start":{"line":42,"column":2},"end":{"line":42,"column":16}}},"fnMap":{"0":{"name":"get","decl":{"start":{"line":3,"column":9},"end":{"line":3,"column":12}},"loc":{"start":{"line":3,"column":35},"end":{"line":13,"column":1}}},"1":{"name":"pluck","decl":{"start":{"line":19,"column":16},"end":{"line":19,"column":21}},"loc":{"start":{"line":21,"column":10},"end":{"line":43,"column":1}}}},"branchMap":{"0":{"loc":{"start":{"line":8,"column":4},"end":{"line":8,"column":41}},"type":"if","locations":[{"start":{"line":8,"column":4},"end":{"line":8,"column":41}},{"start":{},"end":{}}]},"1":{"loc":{"start":{"line":23,"column":2},"end":{"line":23,"column":65}},"type":"if","locations":[{"start":{"line":23,"column":2},"end":{"line":23,"column":65}},{"start":{},"end":{}}]},"2":{"loc":{"start":{"line":30,"column":4},"end":{"line":39,"column":5}},"type":"if","locations":[{"start":{"line":30,"column":4},"end":{"line":39,"column":5}},{"start":{"line":32,"column":11},"end":{"line":39,"column":5}}]}},"s":{"0":1,"1":10,"2":10,"3":10,"4":10,"5":16,"6":2,"7":14,"8":8,"9":6,"10":1,"11":5,"12":5,"13":5,"14":8,"15":8,"16":6,"17":2,"18":2,"19":2,"20":4,"21":4,"22":2,"23":5},"f":{"0":10,"1":6},"b":{"0":[2,14],"1":[1,5],"2":[6,2]}}
,"/Users/ehthikash/Desktop/typescipt/customUtil/src/foundation/every.ts": {"path":"/Users/ehthikash/Desktop/typescipt/customUtil/src/foundation/every.ts","statementMap":{"0":{"start":{"line":1,"column":0},"end":{"line":1,"column":16}},"1":{"start":{"line":5,"column":0},"end":{"line":5,"column":63}},"2":{"start":{"line":5,"column":25},"end":{"line":5,"column":63}},"3":{"start":{"line":7,"column":0},"end":{"line":9,"column":1}},"4":{"start":{"line":7,"column":13},"end":{"line":7,"column":14}},"5":{"start":{"line":8,"column":0},"end":{"line":8,"column":40}},"6":{"start":{"line":8,"column":27},"end":{"line":8,"column":40}},"7":{"start":{"line":11,"column":0},"end":{"line":11,"column":12}}},"fnMap":{"0":{"name":"every","decl":{"start":{"line":1,"column":16},"end":{"line":1,"column":21}},"loc":{"start":{"line":3,"column":8},"end":{"line":12,"column":1}}}},"branchMap":{"0":{"loc":{"start":{"line":5,"column":0},"end":{"line":5,"column":63}},"type":"if","locations":[{"start":{"line":5,"column":0},"end":{"line":5,"column":63}},{"start":{},"end":{}}]},"1":{"loc":{"start":{"line":8,"column":0},"end":{"line":8,"column":40}},"type":"if","locations":[{"start":{"line":8,"column":0},"end":{"line":8,"column":40}},{"start":{},"end":{}}]}},"s":{"0":1,"1":4,"2":1,"3":3,"4":3,"5":5,"6":1,"7":2},"f":{"0":4},"b":{"0":[1,3],"1":[1,4]}}
,"/Users/ehthikash/Desktop/typescipt/customUtil/src/foundation/filter.ts": {"path":"/Users/ehthikash/Desktop/typescipt/customUtil/src/foundation/filter.ts","statementMap":{"0":{"start":{"line":1,"column":0},"end":{"line":1,"column":16}},"1":{"start":{"line":5,"column":0},"end":{"line":5,"column":63}},"2":{"start":{"line":5,"column":25},"end":{"line":5,"column":63}},"3":{"start":{"line":7,"column":20},"end":{"line":7,"column":22}},"4":{"start":{"line":9,"column":0},"end":{"line":13,"column":1}},"5":{"start":{"line":9,"column":13},"end":{"line":9,"column":14}},"6":{"start":{"line":10,"column":0},"end":{"line":12,"column":1}},"7":{"start":{"line":11,"column":0},"end":{"line":11,"column":31}},"8":{"start":{"line":15,"column":0},"end":{"line":15,"column":14}}},"fnMap":{"0":{"name":"filter","decl":{"start":{"line":1,"column":16},"end":{"line":1,"column":22}},"loc":{"start":{"line":3,"column":8},"end":{"line":16,"column":1}}}},"branchMap":{"0":{"loc":{"start":{"line":5,"column":0},"end":{"line":5,"column":63}},"type":"if","locations":[{"start":{"line":5,"column":0},"end":{"line":5,"column":63}},{"start":{},"end":{}}]},"1":{"loc":{"start":{"line":10,"column":0},"end":{"line":12,"column":1}},"type":"if","locations":[{"start":{"line":10,"column":0},"end":{"line":12,"column":1}},{"start":{},"end":{}}]}},"s":{"0":1,"1":3,"2":1,"3":2,"4":2,"5":2,"6":4,"7":2,"8":2},"f":{"0":3},"b":{"0":[1,2],"1":[2,2]}}
,"/Users/ehthikash/Desktop/typescipt/customUtil/src/foundation/map.ts": {"path":"/Users/ehthikash/Desktop/typescipt/customUtil/src/foundation/map.ts","statementMap":{"0":{"start":{"line":1,"column":0},"end":{"line":1,"column":16}},"1":{"start":{"line":5,"column":0},"end":{"line":7,"column":1}},"2":{"start":{"line":6,"column":0},"end":{"line":6,"column":41}},"3":{"start":{"line":9,"column":20},"end":{"line":9,"column":41}},"4":{"start":{"line":11,"column":0},"end":{"line":13,"column":1}},"5":{"start":{"line":11,"column":13},"end":{"line":11,"column":14}},"6":{"start":{"line":12,"column":0},"end":{"line":12,"column":26}},"7":{"start":{"line":15,"column":0},"end":{"line":15,"column":14}}},"fnMap":{"0":{"name":"map","decl":{"start":{"line":1,"column":16},"end":{"line":1,"column":19}},"loc":{"start":{"line":3,"column":8},"end":{"line":16,"column":1}}}},"branchMap":{"0":{"loc":{"start":{"line":5,"column":0},"end":{"line":7,"column":1}},"type":"if","locations":[{"start":{"line":5,"column":0},"end":{"line":7,"column":1}},{"start":{},"end":{}}]}},"s":{"0":1,"1":4,"2":2,"3":2,"4":2,"5":2,"6":3,"7":2},"f":{"0":4},"b":{"0":[2,2]}}
,"/Users/ehthikash/Desktop/typescipt/customUtil/src/foundation/reduce.ts": {"path":"/Users/ehthikash/Desktop/typescipt/customUtil/src/foundation/reduce.ts","statementMap":{"0":{"start":{"line":1,"column":0},"end":{"line":1,"column":16}},"1":{"start":{"line":6,"column":0},"end":{"line":6,"column":63}},"2":{"start":{"line":6,"column":25},"end":{"line":6,"column":63}},"3":{"start":{"line":8,"column":10},"end":{"line":8,"column":17}},"4":{"start":{"line":10,"column":0},"end":{"line":12,"column":1}},"5":{"start":{"line":10,"column":13},"end":{"line":10,"column":14}},"6":{"start":{"line":11,"column":0},"end":{"line":11,"column":30}},"7":{"start":{"line":14,"column":0},"end":{"line":14,"column":11}}},"fnMap":{"0":{"name":"reduce","decl":{"start":{"line":1,"column":16},"end":{"line":1,"column":22}},"loc":{"start":{"line":4,"column":8},"end":{"line":15,"column":1}}}},"branchMap":{"0":{"loc":{"start":{"line":6,"column":0},"end":{"line":6,"column":63}},"type":"if","locations":[{"start":{"line":6,"column":0},"end":{"line":6,"column":63}},{"start":{},"end":{}}]}},"s":{"0":1,"1":3,"2":1,"3":2,"4":2,"5":2,"6":2,"7":2},"f":{"0":3},"b":{"0":[1,2]}}
,"/Users/ehthikash/Desktop/typescipt/customUtil/src/foundation/reduceRight.ts": {"path":"/Users/ehthikash/Desktop/typescipt/customUtil/src/foundation/reduceRight.ts","statementMap":{"0":{"start":{"line":1,"column":0},"end":{"line":1,"column":16}},"1":{"start":{"line":6,"column":0},"end":{"line":6,"column":63}},"2":{"start":{"line":6,"column":25},"end":{"line":6,"column":63}},"3":{"start":{"line":8,"column":10},"end":{"line":8,"column":17}},"4":{"start":{"line":10,"column":0},"end":{"line":12,"column":1}},"5":{"start":{"line":10,"column":13},"end":{"line":10,"column":27}},"6":{"start":{"line":11,"column":0},"end":{"line":11,"column":30}},"7":{"start":{"line":14,"column":0},"end":{"line":14,"column":11}}},"fnMap":{"0":{"name":"reduceRight","decl":{"start":{"line":1,"column":16},"end":{"line":1,"column":27}},"loc":{"start":{"line":4,"column":8},"end":{"line":15,"column":1}}}},"branchMap":{"0":{"loc":{"start":{"line":6,"column":0},"end":{"line":6,"column":63}},"type":"if","locations":[{"start":{"line":6,"column":0},"end":{"line":6,"column":63}},{"start":{},"end":{}}]}},"s":{"0":1,"1":3,"2":1,"3":2,"4":2,"5":2,"6":2,"7":2},"f":{"0":3},"b":{"0":[1,2]}}
,"/Users/ehthikash/Desktop/typescipt/customUtil/src/foundation/some.ts": {"path":"/Users/ehthikash/Desktop/typescipt/customUtil/src/foundation/some.ts","statementMap":{"0":{"start":{"line":1,"column":0},"end":{"line":1,"column":16}},"1":{"start":{"line":5,"column":0},"end":{"line":5,"column":63}},"2":{"start":{"line":5,"column":25},"end":{"line":5,"column":63}},"3":{"start":{"line":7,"column":0},"end":{"line":9,"column":1}},"4":{"start":{"line":7,"column":13},"end":{"line":7,"column":14}},"5":{"start":{"line":8,"column":0},"end":{"line":8,"column":38}},"6":{"start":{"line":8,"column":26},"end":{"line":8,"column":38}},"7":{"start":{"line":11,"column":0},"end":{"line":11,"column":13}}},"fnMap":{"0":{"name":"some","decl":{"start":{"line":1,"column":16},"end":{"line":1,"column":20}},"loc":{"start":{"line":3,"column":8},"end":{"line":12,"column":1}}}},"branchMap":{"0":{"loc":{"start":{"line":5,"column":0},"end":{"line":5,"column":63}},"type":"if","locations":[{"start":{"line":5,"column":0},"end":{"line":5,"column":63}},{"start":{},"end":{}}]},"1":{"loc":{"start":{"line":8,"column":0},"end":{"line":8,"column":38}},"type":"if","locations":[{"start":{"line":8,"column":0},"end":{"line":8,"column":38}},{"start":{},"end":{}}]}},"s":{"0":1,"1":4,"2":1,"3":3,"4":3,"5":5,"6":1,"7":2},"f":{"0":4},"b":{"0":[1,3],"1":[1,4]}}
,"/Users/ehthikash/Desktop/typescipt/customUtil/src/optics/lens.ts": {"path":"/Users/ehthikash/Desktop/typescipt/customUtil/src/optics/lens.ts","statementMap":{"0":{"start":{"line":8,"column":0},"end":{"line":8,"column":16}},"1":{"start":{"line":9,"column":2},"end":{"line":9,"column":41}}},"fnMap":{"0":{"name":"lens","decl":{"start":{"line":8,"column":16},"end":{"line":8,"column":20}},"loc":{"start":{"line":8,"column":50},"end":{"line":10,"column":1}}}},"branchMap":{},"s":{"0":3,"1":7},"f":{"0":7},"b":{}}
,"/Users/ehthikash/Desktop/typescipt/customUtil/src/optics/set.ts": {"path":"/Users/ehthikash/Desktop/typescipt/customUtil/src/optics/set.ts","statementMap":{"0":{"start":{"line":17,"column":0},"end":{"line":17,"column":16}},"1":{"start":{"line":5,"column":2},"end":{"line":5,"column":38}},"2":{"start":{"line":5,"column":25},"end":{"line":5,"column":38}},"3":{"start":{"line":7,"column":25},"end":{"line":7,"column":29}},"4":{"start":{"line":9,"column":2},"end":{"line":14,"column":4}},"5":{"start":{"line":22,"column":2},"end":{"line":22,"column":47}}},"fnMap":{"0":{"name":"setInPath","decl":{"start":{"line":4,"column":9},"end":{"line":4,"column":18}},"loc":{"start":{"line":4,"column":55},"end":{"line":15,"column":1}}},"1":{"name":"set","decl":{"start":{"line":17,"column":16},"end":{"line":17,"column":19}},"loc":{"start":{"line":20,"column":8},"end":{"line":23,"column":1}}}},"branchMap":{"0":{"loc":{"start":{"line":5,"column":2},"end":{"line":5,"column":38}},"type":"if","locations":[{"start":{"line":5,"column":2},"end":{"line":5,"column":38}},{"start":{},"end":{}}]},"1":{"loc":{"start":{"line":11,"column":11},"end":{"line":13,"column":13}},"type":"cond-expr","locations":[{"start":{"line":12,"column":8},"end":{"line":12,"column":51}},{"start":{"line":13,"column":8},"end":{"line":13,"column":13}}]},"2":{"loc":{"start":{"line":12,"column":31},"end":{"line":12,"column":50}},"type":"cond-expr","locations":[{"start":{"line":12,"column":37},"end":{"line":12,"column":45}},{"start":{"line":12,"column":48},"end":{"line":12,"column":50}}]}},"s":{"0":1,"1":10,"2":1,"3":9,"4":9,"5":4},"f":{"0":10,"1":4},"b":{"0":[1,9],"1":[6,3],"2":[5,1]}}
,"/Users/ehthikash/Desktop/typescipt/customUtil/src/optics/view.ts": {"path":"/Users/ehthikash/Desktop/typescipt/customUtil/src/optics/view.ts","statementMap":{"0":{"start":{"line":4,"column":0},"end":{"line":4,"column":16}},"1":{"start":{"line":8,"column":20},"end":{"line":8,"column":23}},"2":{"start":{"line":10,"column":2},"end":{"line":13,"column":3}},"3":{"start":{"line":10,"column":15},"end":{"line":10,"column":16}},"4":{"start":{"line":11,"column":4},"end":{"line":11,"column":41}},"5":{"start":{"line":11,"column":24},"end":{"line":11,"column":41}},"6":{"start":{"line":12,"column":4},"end":{"line":12,"column":34}},"7":{"start":{"line":15,"column":2},"end":{"line":15,"column":35}}},"fnMap":{"0":{"name":"view","decl":{"start":{"line":4,"column":16},"end":{"line":4,"column":20}},"loc":{"start":{"line":6,"column":8},"end":{"line":16,"column":1}}}},"branchMap":{"0":{"loc":{"start":{"line":11,"column":4},"end":{"line":11,"column":41}},"type":"if","locations":[{"start":{"line":11,"column":4},"end":{"line":11,"column":41}},{"start":{},"end":{}}]}},"s":{"0":1,"1":3,"2":3,"3":3,"4":9,"5":1,"6":8,"7":2},"f":{"0":3},"b":{"0":[1,8]}}
,"/Users/ehthikash/Desktop/typescipt/customUtil/src/search/find.ts": {"path":"/Users/ehthikash/Desktop/typescipt/customUtil/src/search/find.ts","statementMap":{"0":{"start":{"line":20,"column":0},"end":{"line":20,"column":16}},"1":{"start":{"line":25,"column":2},"end":{"line":25,"column":65}},"2":{"start":{"line":25,"column":27},"end":{"line":25,"column":65}},"3":{"start":{"line":28,"column":2},"end":{"line":50,"column":3}},"4":{"start":{"line":28,"column":15},"end":{"line":28,"column":16}},"5":{"start":{"line":29,"column":17},"end":{"line":29,"column":30}},"6":{"start":{"line":32,"column":4},"end":{"line":49,"column":5}},"7":{"start":{"line":33,"column":6},"end":{"line":33,"column":37}},"8":{"start":{"line":33,"column":25},"end":{"line":33,"column":37}},"9":{"start":{"line":36,"column":9},"end":{"line":49,"column":5}},"10":{"start":{"line":37,"column":6},"end":{"line":37,"column":51}},"11":{"start":{"line":37,"column":39},"end":{"line":37,"column":51}},"12":{"start":{"line":40,"column":9},"end":{"line":49,"column":5}},"13":{"start":{"line":41,"column":20},"end":{"line":41,"column":24}},"14":{"start":{"line":42,"column":6},"end":{"line":47,"column":7}},"15":{"start":{"line":43,"column":8},"end":{"line":46,"column":9}},"16":{"start":{"line":44,"column":10},"end":{"line":44,"column":26}},"17":{"start":{"line":45,"column":10},"end":{"line":45,"column":16}},"18":{"start":{"line":48,"column":6},"end":{"line":48,"column":31}},"19":{"start":{"line":48,"column":19},"end":{"line":48,"column":31}},"20":{"start":{"line":52,"column":2},"end":{"line":52,"column":19}}},"fnMap":{"0":{"name":"find","decl":{"start":{"line":20,"column":16},"end":{"line":20,"column":20}},"loc":{"start":{"line":23,"column":12},"end":{"line":53,"column":1}}}},"branchMap":{"0":{"loc":{"start":{"line":25,"column":2},"end":{"line":25,"column":65}},"type":"if","locations":[{"start":{"line":25,"column":2},"end":{"line":25,"column":65}},{"start":{},"end":{}}]},"1":{"loc":{"start":{"line":32,"column":4},"end":{"line":49,"column":5}},"type":"if","locations":[{"start":{"line":32,"column":4},"end":{"line":49,"column":5}},{"start":{"line":36,"column":9},"end":{"line":49,"column":5}}]},"2":{"loc":{"start":{"line":33,"column":6},"end":{"line":33,"column":37}},"type":"if","locations":[{"start":{"line":33,"column":6},"end":{"line":33,"column":37}},{"start":{},"end":{}}]},"3":{"loc":{"start":{"line":36,"column":9},"end":{"line":49,"column":5}},"type":"if","locations":[{"start":{"line":36,"column":9},"end":{"line":49,"column":5}},{"start":{"line":40,"column":9},"end":{"line":49,"column":5}}]},"4":{"loc":{"start":{"line":36,"column":13},"end":{"line":36,"column":59}},"type":"binary-expr","locations":[{"start":{"line":36,"column":13},"end":{"line":36,"column":37}},{"start":{"line":36,"column":41},"end":{"line":36,"column":59}}]},"5":{"loc":{"start":{"line":37,"column":6},"end":{"line":37,"column":51}},"type":"if","locations":[{"start":{"line":37,"column":6},"end":{"line":37,"column":51}},{"start":{},"end":{}}]},"6":{"loc":{"start":{"line":37,"column":10},"end":{"line":37,"column":37}},"type":"binary-expr","locations":[{"start":{"line":37,"column":10},"end":{"line":37,"column":14}},{"start":{"line":37,"column":18},"end":{"line":37,"column":37}}]},"7":{"loc":{"start":{"line":40,"column":9},"end":{"line":49,"column":5}},"type":"if","locations":[{"start":{"line":40,"column":9},"end":{"line":49,"column":5}},{"start":{},"end":{}}]},"8":{"loc":{"start":{"line":40,"column":13},"end":{"line":40,"column":78}},"type":"binary-expr","locations":[{"start":{"line":40,"column":13},"end":{"line":40,"column":37}},{"start":{"line":40,"column":41},"end":{"line":40,"column":54}},{"start":{"line":40,"column":58},"end":{"line":40,"column":78}}]},"9":{"loc":{"start":{"line":43,"column":8},"end":{"line":46,"column":9}},"type":"if","locations":[{"start":{"line":43,"column":8},"end":{"line":46,"column":9}},{"start":{},"end":{}}]},"10":{"loc":{"start":{"line":48,"column":6},"end":{"line":48,"column":31}},"type":"if","locations":[{"start":{"line":48,"column":6},"end":{"line":48,"column":31}},{"start":{},"end":{}}]}},"s":{"0":1,"1":9,"2":1,"3":8,"4":8,"5":21,"6":21,"7":5,"8":1,"9":16,"10":8,"11":2,"12":8,"13":5,"14":5,"15":7,"16":4,"17":4,"18":5,"19":1,"20":4},"f":{"0":9},"b":{"0":[1,8],"1":[5,16],"2":[1,4],"3":[8,8],"4":[16,11],"5":[2,6],"6":[8,7],"7":[5,3],"8":[8,5,5],"9":[4,3],"10":[1,4]}}
}
