TN:
SF:src/extraction/pluck.ts
FN:3,get
FN:19,pluck
FNF:2
FNH:2
FNDA:10,get
FNDA:6,pluck
DA:4,10
DA:5,10
DA:7,10
DA:8,16
DA:9,14
DA:12,8
DA:19,1
DA:23,6
DA:25,5
DA:27,5
DA:28,8
DA:30,8
DA:31,6
DA:33,2
DA:34,2
DA:35,4
DA:36,4
DA:38,2
DA:42,5
LF:19
LH:19
BRDA:8,0,0,2
BRDA:8,0,1,14
BRDA:23,1,0,1
BRDA:23,1,1,5
BRDA:30,2,0,6
BRDA:30,2,1,2
BRF:6
BRH:6
end_of_record
TN:
SF:src/foundation/every.ts
FN:1,every
FNF:1
FNH:1
FNDA:4,every
DA:1,1
DA:5,4
DA:7,3
DA:8,5
DA:11,2
LF:5
LH:5
BRDA:5,0,0,1
BRDA:5,0,1,3
BRDA:8,1,0,1
BRDA:8,1,1,4
BRF:4
BRH:4
end_of_record
TN:
SF:src/foundation/filter.ts
FN:1,filter
FNF:1
FNH:1
FNDA:3,filter
DA:1,1
DA:5,3
DA:7,2
DA:9,2
DA:10,4
DA:11,2
DA:15,2
LF:7
LH:7
BRDA:5,0,0,1
BRDA:5,0,1,2
BRDA:10,1,0,2
BRDA:10,1,1,2
BRF:4
BRH:4
end_of_record
TN:
SF:src/foundation/map.ts
FN:1,map
FNF:1
FNH:1
FNDA:4,map
DA:1,1
DA:5,4
DA:6,2
DA:9,2
DA:11,2
DA:12,3
DA:15,2
LF:7
LH:7
BRDA:5,0,0,2
BRDA:5,0,1,2
BRF:2
BRH:2
end_of_record
TN:
SF:src/foundation/reduce.ts
FN:1,reduce
FNF:1
FNH:1
FNDA:3,reduce
DA:1,1
DA:6,3
DA:8,2
DA:10,2
DA:11,2
DA:14,2
LF:6
LH:6
BRDA:6,0,0,1
BRDA:6,0,1,2
BRF:2
BRH:2
end_of_record
TN:
SF:src/foundation/reduceRight.ts
FN:1,reduceRight
FNF:1
FNH:1
FNDA:3,reduceRight
DA:1,1
DA:6,3
DA:8,2
DA:10,2
DA:11,2
DA:14,2
LF:6
LH:6
BRDA:6,0,0,1
BRDA:6,0,1,2
BRF:2
BRH:2
end_of_record
TN:
SF:src/foundation/some.ts
FN:1,some
FNF:1
FNH:1
FNDA:4,some
DA:1,1
DA:5,4
DA:7,3
DA:8,5
DA:11,2
LF:5
LH:5
BRDA:5,0,0,1
BRDA:5,0,1,3
BRDA:8,1,0,1
BRDA:8,1,1,4
BRF:4
BRH:4
end_of_record
TN:
SF:src/optics/lens.ts
FN:8,lens
FNF:1
FNH:1
FNDA:7,lens
DA:8,3
DA:9,7
LF:2
LH:2
BRF:0
BRH:0
end_of_record
TN:
SF:src/optics/set.ts
FN:4,setInPath
FN:17,set
FNF:2
FNH:2
FNDA:10,setInPath
FNDA:4,set
DA:5,10
DA:7,9
DA:9,9
DA:17,1
DA:22,4
LF:5
LH:5
BRDA:5,0,0,1
BRDA:5,0,1,9
BRDA:11,1,0,6
BRDA:11,1,1,3
BRDA:12,2,0,5
BRDA:12,2,1,1
BRF:6
BRH:6
end_of_record
TN:
SF:src/optics/view.ts
FN:4,view
FNF:1
FNH:1
FNDA:3,view
DA:4,1
DA:8,3
DA:10,3
DA:11,9
DA:12,8
DA:15,2
LF:6
LH:6
BRDA:11,0,0,1
BRDA:11,0,1,8
BRF:2
BRH:2
end_of_record
TN:
SF:src/search/find.ts
FN:20,find
FNF:1
FNH:1
FNDA:9,find
DA:20,1
DA:25,9
DA:28,8
DA:29,21
DA:32,21
DA:33,5
DA:36,16
DA:37,8
DA:40,8
DA:41,5
DA:42,5
DA:43,7
DA:44,4
DA:45,4
DA:48,5
DA:52,4
LF:16
LH:16
BRDA:25,0,0,1
BRDA:25,0,1,8
BRDA:32,1,0,5
BRDA:32,1,1,16
BRDA:33,2,0,1
BRDA:33,2,1,4
BRDA:36,3,0,8
BRDA:36,3,1,8
BRDA:36,4,0,16
BRDA:36,4,1,11
BRDA:37,5,0,2
BRDA:37,5,1,6
BRDA:37,6,0,8
BRDA:37,6,1,7
BRDA:40,7,0,5
BRDA:40,7,1,3
BRDA:40,8,0,8
BRDA:40,8,1,5
BRDA:40,8,2,5
BRDA:43,9,0,4
BRDA:43,9,1,3
BRDA:48,10,0,1
BRDA:48,10,1,4
BRF:23
BRH:23
end_of_record
